epoch,loss,val_loss
0,0.11013346096589566,0.3757508806884289
1,0.028057370092131717,0.2833905874497511
2,0.008711402030534485,0.23724830675531516
3,0.004783918095462159,0.19857580369253727
4,0.003350123600763048,0.1631111437878148
5,0.0025322849065072587,0.1330870480107313
6,0.0019053647074261536,0.10911584916439923
7,0.001787965296242283,0.09541622117500413
8,0.0019446718658785067,0.08757926252755252
9,0.001433318976064443,0.07893476677550511
10,0.0013495727021249548,0.07585952447896654
11,0.0014628166184396383,0.07333604601973837
12,0.0015294503467997594,0.07227294925938953
13,0.0014824944899880122,0.07077715241096237
14,0.0013773407113195886,0.06814632632515648
15,0.0014301619727477147,0.06948452053422277
16,0.001405191661180333,0.06811562366783619
17,0.001490680934834599,0.0673219734294848
18,0.0015665626431036425,0.06721151366152546
19,0.0014880836653863993,0.06643976525149563
20,0.001545953078431884,0.06669516217979518
21,0.0013369535349598083,0.06633933345702561
22,0.0013133788191216527,0.06640542688017542
23,0.0012687533992518474,0.06554420834237878
24,0.0013233878539206663,0.06535662118006837
25,0.0014834358703738712,0.06461431932720271
26,0.0013043664137175133,0.06312722585756671
27,0.0014124701479023812,0.0629132737151601
28,0.0012627267205221194,0.06248030100356449
29,0.0013799873271374363,0.06192544085735625
30,0.0012024320035614194,0.06053454742174257
31,0.0013340403889629932,0.06052967956797643
32,0.0010863706928896286,0.06068820142271844
33,0.0012906399923352735,0.061382187361066994
34,0.001137331372165042,0.06041251436214556
35,0.0011501416717983,0.05859841550277038
36,0.001230595579718002,0.059013725935735485
37,0.001092302799584901,0.05924937399950894
38,0.0012116887652511424,0.058262895115397194
39,0.0011116494286998017,0.05857474932616407
40,0.0010920840518947538,0.057575659826397896
41,0.0011198214477602603,0.05829168153418736
42,0.0010973957352839487,0.05709886237640272
43,0.0011059446410352806,0.0576216500591148
44,0.0010898784065520699,0.057208222675729885
45,0.0011850735872846515,0.056798531504517254
46,0.0010670116511410578,0.05651663565500216
47,0.0011060252274790437,0.05588127257810398
48,0.0010619142436534622,0.056468730199743404
49,0.0009931409547358065,0.0552962382578037
50,0.0009501946601302893,0.05668260013176636
51,0.0010314473245708756,0.0551214540715922
52,0.001000258479648109,0.05528180385855111
53,0.001048589664521584,0.05421819681809707
54,0.0009133806963534918,0.054182396101003345
55,0.0010123377424045513,0.054160629314455117
56,0.0009590195563994468,0.05381035804748535
57,0.0009438940589799252,0.054313405247574505
58,0.0010080322519064155,0.054077264768156136
59,0.00098917022763455,0.054154876958240165
60,0.0009229803880274275,0.05377408040856773
61,0.0010601470656689982,0.052964826707135544
62,0.0009899965308747044,0.05277120034125718
63,0.0009189624667585318,0.052396896041252396
64,0.0009577157669406643,0.052226184443994
65,0.000924740708778137,0.052587202242152256
66,0.0009400267484021786,0.0520419960164211
67,0.00096824635847108,0.05223975237458944
68,0.0009151743223126162,0.05255337559025396
69,0.0008793995072018024,0.051981116899035194
70,0.0009795391651442919,0.051940638571977615
71,0.0009683986747929629,0.051335798745805565
72,0.0010344570617553941,0.05145322700793093
73,0.0009836398115571823,0.051375604065304455
74,0.0009901153457623465,0.05122716851871122
75,0.0010011908143684363,0.050993847152726215
76,0.0009795093936884665,0.050817235965620385
77,0.0008971446357876274,0.0503452243283391
78,0.0009710829688197712,0.05044748058373278
79,0.0008754481087007005,0.05019769385795702
80,0.000935623956710393,0.05063401619819077
81,0.0010252678635204332,0.04975490593774752
82,0.0009519894073369851,0.04953930162909356
83,0.0009431975293447283,0.05031967434016141
84,0.000991582133548908,0.04912778904492205
85,0.0009569553584481479,0.04908983426337892
86,0.0009005992952674224,0.04970354468307712
87,0.0009229200260642287,0.04967732075601816
88,0.0009233664539201574,0.04932401888072491
89,0.0009183536776899271,0.049460618079385975
90,0.0010749271400011813,0.0494566619057547
91,0.0009833503117050962,0.04970681735060432
92,0.0010456328167230222,0.04967027428475293
93,0.0009707731241150279,0.04897798563946377
94,0.0009780138248764339,0.04893813349983909
95,0.0009414768655071535,0.049266759644855156
96,0.0009416068933205679,0.04937987977808172
97,0.0009730736682351713,0.04893608475950631
98,0.0010364819745612378,0.04901843086223711
99,0.0008363724998921545,0.04856445716524666
100,0.0009723827197095236,0.04864224385131489
101,0.0009157389348232399,0.04863120750947432
102,0.000960810856546213,0.04889748685739257
103,0.0010704281640127446,0.04886804631149227
104,0.0010559051201592402,0.048005784480747854
105,0.0010114288204781635,0.04832988664169203
106,0.0010129614672326535,0.04792438180778514
107,0.0009837147188534931,0.04781001708893613
108,0.0010400564444221954,0.04750179283490235
109,0.0010943342537391744,0.0474768397398293
110,0.0009854907196491583,0.047928592528809204
111,0.0009896994251340806,0.04741397804834626
112,0.0010010496008578333,0.04687046746469357
113,0.0010002028299363561,0.0466796284202825
114,0.0009898091052069579,0.04678622133691202
115,0.0009472182515197609,0.04664512922648679
116,0.0009764503376254183,0.046639268794520336
117,0.0009315376252565442,0.04645400134507905
118,0.0009838164844472182,0.046214699956842444
119,0.0009538952405828522,0.04647966017099944
120,0.0009834675674375325,0.04636464894495227
121,0.0010464830419241293,0.04632585724307732
122,0.0010401095892167674,0.046356952960856936
123,0.0010471609198670119,0.0463239116678861
124,0.001009749149873351,0.046162086496637625
125,0.0009996670989269275,0.0460896309973164
126,0.001103220801053691,0.045895376581359996
127,0.0010634224870711441,0.04615033629604361
128,0.0010093305367282136,0.047150298953056335
129,0.0009638318883797596,0.047032998790117825
130,0.0009034918758450508,0.04795829689299518
131,0.0010326023067446118,0.04625984078103846
132,0.0010051267051597644,0.04675347332588651
133,0.0009145250369329005,0.04634065744043751
134,0.0009377126538236122,0.04655157634988427
135,0.0009985670847002148,0.04625367440960624
136,0.0009943694878773422,0.04836716651069847
137,0.0009409294162304429,0.046923844651742416
138,0.000969556133080089,0.04747705059972676
139,0.0009709711501779294,0.0500698887150396
140,0.0009803835479389592,0.050620155070315705
141,0.0010439036687438198,0.04996410579505292
142,0.001016459039222814,0.04942036360840906
143,0.001043597665669687,0.04959357741542838
144,0.0011393422421476606,0.05096788323399695
145,0.0011476329697692675,0.04975447956133972
146,0.0010287053261618922,0.04887022789229046
147,0.0009851503586780625,0.048300132070752705
148,0.0011140804982863572,0.04885050205683166
149,0.0010493219870676108,0.04954667050730099
150,0.0010141715497083328,0.04926470379260453
151,0.0011221406426725996,0.049670709889720784
152,0.001086122385271496,0.049387650648978626
153,0.0011801650065742073,0.04863336123526096
154,0.0011116886218456483,0.04849737899547273
155,0.0011074259696731141,0.04785119877620177
156,0.0011917951854876574,0.04824065179987387
157,0.0013280107587073046,0.048406639475036754
158,0.001253921081481223,0.04768253977156498
159,0.0009851398146903316,0.04772110300307924
160,0.0011847456642255529,0.04765991286628626
161,0.001096955477252552,0.04812799207866192
162,0.0010354185689777165,0.04820382061668418
163,0.0011296338065240543,0.04791137427938255
164,0.001033185637818851,0.047641507984901015
165,0.0011199338424779214,0.04825264096937396
166,0.0010469531698618084,0.047547943805429066
